0 info it worked if it ends with ok
1 verbose cli [ '/usr/bin/node', '/bin/npm', 'run', 'build' ]
2 info using npm@3.10.8
3 info using node@v6.9.1
4 verbose run-script [ 'prebuild', 'build', 'postbuild' ]
5 info lifecycle ultimate-branding@3.1.1~prebuild: ultimate-branding@3.1.1
6 silly lifecycle ultimate-branding@3.1.1~prebuild: no script for prebuild, continuing
7 info lifecycle ultimate-branding@3.1.1~build: ultimate-branding@3.1.1
8 verbose lifecycle ultimate-branding@3.1.1~build: unsafe-perm in lifecycle true
9 verbose lifecycle ultimate-branding@3.1.1~build: PATH: /usr/lib/node_modules/npm/bin/node-gyp-bin:/vagrant/wp-plugins/ultimate-branding/node_modules/.bin:/usr/bin:/sbin:/bin:/usr/sbin:/usr/bin
10 verbose lifecycle ultimate-branding@3.1.1~build: CWD: /vagrant/wp-plugins/ultimate-branding
11 silly lifecycle ultimate-branding@3.1.1~build: Args: [ '-c', 'webpack -p --progress && grunt build' ]
12 silly lifecycle ultimate-branding@3.1.1~build: Returned: code: 2  signal: null
13 info lifecycle ultimate-branding@3.1.1~build: Failed to exec build script
14 verbose stack Error: ultimate-branding@3.1.1 build: `webpack -p --progress && grunt build`
14 verbose stack Exit status 2
14 verbose stack     at EventEmitter.<anonymous> (/usr/lib/node_modules/npm/lib/utils/lifecycle.js:255:16)
14 verbose stack     at emitTwo (events.js:106:13)
14 verbose stack     at EventEmitter.emit (events.js:191:7)
14 verbose stack     at ChildProcess.<anonymous> (/usr/lib/node_modules/npm/lib/utils/spawn.js:40:14)
14 verbose stack     at emitTwo (events.js:106:13)
14 verbose stack     at ChildProcess.emit (events.js:191:7)
14 verbose stack     at maybeClose (internal/child_process.js:877:16)
14 verbose stack     at Process.ChildProcess._handle.onexit (internal/child_process.js:226:5)
15 verbose pkgid ultimate-branding@3.1.1
16 verbose cwd /vagrant/wp-plugins/ultimate-branding
17 error Linux 3.10.0-327.36.3.el7.x86_64
18 error argv "/usr/bin/node" "/bin/npm" "run" "build"
19 error node v6.9.1
20 error npm  v3.10.8
21 error code ELIFECYCLE
22 error ultimate-branding@3.1.1 build: `webpack -p --progress && grunt build`
22 error Exit status 2
23 error Failed at the ultimate-branding@3.1.1 build script 'webpack -p --progress && grunt build'.
23 error Make sure you have the latest version of node.js and npm installed.
23 error If you do, this is most likely a problem with the ultimate-branding package,
23 error not with npm itself.
23 error Tell the author that this fails on your system:
23 error     webpack -p --progress && grunt build
23 error You can get information on how to open an issue for this project with:
23 error     npm bugs ultimate-branding
23 error Or if that isn't available, you can get their info via:
23 error     npm owner ls ultimate-branding
23 error There is likely additional logging output above.
24 verbose exit [ 1, true ]
